<?xml version="1.0" encoding="UTF-8"?>
<testng-results ignored="0" total="1" passed="1" failed="0" skipped="0">
  <reporter-output>
  </reporter-output>
  <suite started-at="2024-06-01T18:41:23 IST" name="Default suite" finished-at="2024-06-01T18:41:50 IST" duration-ms="26672">
    <groups>
    </groups>
    <test started-at="2024-06-01T18:41:23 IST" name="Default test" finished-at="2024-06-01T18:41:50 IST" duration-ms="26672">
      <class name="com.test.LoginPageTest">
        <test-method is-config="true" signature="setup()[pri:0, instance:com.test.LoginPageTest@1d296da]" started-at="2024-06-01T18:41:24 IST" name="setup" finished-at="2024-06-01T18:41:40 IST" duration-ms="16166" status="PASS">
          <reporter-output>
          </reporter-output>
        </test-method> <!-- setup -->
        <test-method signature="pageUrl()[pri:0, instance:com.test.LoginPageTest@1d296da]" started-at="2024-06-01T18:41:40 IST" name="pageUrl" finished-at="2024-06-01T18:41:49 IST" duration-ms="9613" status="PASS">
          <reporter-output>
          </reporter-output>
        </test-method> <!-- pageUrl -->
        <test-method is-config="true" signature="teardown()[pri:0, instance:com.test.LoginPageTest@1d296da]" started-at="2024-06-01T18:41:49 IST" name="teardown" finished-at="2024-06-01T18:41:50 IST" duration-ms="702" status="PASS">
          <reporter-output>
          </reporter-output>
        </test-method> <!-- teardown -->
      </class> <!-- com.test.LoginPageTest -->
    </test> <!-- Default test -->
  </suite> <!-- Default suite -->
</testng-results>
